260204 19:49:36 [Note] Plugin 'FEDERATED' is disabled.
260204 19:49:36 InnoDB: The InnoDB memory heap is disabled
260204 19:49:36 InnoDB: Mutexes and rw_locks use Windows interlocked functions
260204 19:49:36 InnoDB: Compressed tables use zlib 1.2.3
260204 19:49:36 InnoDB: Initializing buffer pool, size = 128.0M
260204 19:49:36 InnoDB: Completed initialization of buffer pool
InnoDB: The first specified data file C:\Users\rodrigo.lcassilhas\Documents\usbwebserver\DB_usbwebserver\mysql\data\ibdata1 did not exist:
InnoDB: a new database to be created!
260204 19:49:36  InnoDB: Setting file C:\Users\rodrigo.lcassilhas\Documents\usbwebserver\DB_usbwebserver\mysql\data\ibdata1 size to 10 MB
InnoDB: Database physically writes the file full: wait...
260204 19:49:36  InnoDB: Log file C:\Users\rodrigo.lcassilhas\Documents\usbwebserver\DB_usbwebserver\mysql\data\ib_logfile0 did not exist: new to be created
InnoDB: Setting log file C:\Users\rodrigo.lcassilhas\Documents\usbwebserver\DB_usbwebserver\mysql\data\ib_logfile0 size to 5 MB
InnoDB: Database physically writes the file full: wait...
260204 19:49:36  InnoDB: Log file C:\Users\rodrigo.lcassilhas\Documents\usbwebserver\DB_usbwebserver\mysql\data\ib_logfile1 did not exist: new to be created
InnoDB: Setting log file C:\Users\rodrigo.lcassilhas\Documents\usbwebserver\DB_usbwebserver\mysql\data\ib_logfile1 size to 5 MB
InnoDB: Database physically writes the file full: wait...
InnoDB: Doublewrite buffer not found: creating new
InnoDB: Doublewrite buffer created
InnoDB: 127 rollback segment(s) active.
InnoDB: Creating foreign key constraint system tables
InnoDB: Foreign key constraint system tables created
260204 19:49:36  InnoDB: Waiting for the background threads to start
260204 19:49:37 InnoDB: 1.1.8 started; log sequence number 0
260204 19:49:54 [Note] Plugin 'FEDERATED' is disabled.
260204 19:49:54 InnoDB: The InnoDB memory heap is disabled
260204 19:49:54 InnoDB: Mutexes and rw_locks use Windows interlocked functions
260204 19:49:54 InnoDB: Compressed tables use zlib 1.2.3
260204 19:49:54 InnoDB: Initializing buffer pool, size = 128.0M
260204 19:49:54 InnoDB: Completed initialization of buffer pool
260204 19:49:54 InnoDB: highest supported file format is Barracuda.
InnoDB: The log sequence number in ibdata files does not match
InnoDB: the log sequence number in the ib_logfiles!
260204 19:49:54  InnoDB: Database was not shut down normally!
InnoDB: Starting crash recovery.
InnoDB: Reading tablespace information from the .ibd files...
InnoDB: Restoring possible half-written data pages from the doublewrite
InnoDB: buffer...
260204 19:49:54  InnoDB: Waiting for the background threads to start
260204 19:49:55 InnoDB: 1.1.8 started; log sequence number 1595675
260204 19:49:55 [Note] Event Scheduler: Loaded 0 events
260204 19:49:55 [Note] C:\Users\rodrigo.lcassilhas\Documents\usbwebserver\DB_usbwebserver/mysql/bin/mysqld_usbwv8.exe: ready for connections.
Version: '5.5.20'  socket: ''  port: 3307  MySQL Community Server (GPL)
260206 19:28:26 [Note] Plugin 'FEDERATED' is disabled.
260206 19:28:26 InnoDB: The InnoDB memory heap is disabled
260206 19:28:26 InnoDB: Mutexes and rw_locks use Windows interlocked functions
260206 19:28:26 InnoDB: Compressed tables use zlib 1.2.3
260206 19:28:26 InnoDB: Initializing buffer pool, size = 128.0M
260206 19:28:26 InnoDB: Completed initialization of buffer pool
260206 19:28:26 InnoDB: highest supported file format is Barracuda.
InnoDB: The log sequence number in ibdata files does not match
InnoDB: the log sequence number in the ib_logfiles!
260206 19:28:26  InnoDB: Database was not shut down normally!
InnoDB: Starting crash recovery.
InnoDB: Reading tablespace information from the .ibd files...
InnoDB: Restoring possible half-written data pages from the doublewrite
InnoDB: buffer...
260206 19:28:26  InnoDB: Waiting for the background threads to start
260206 19:28:27 InnoDB: 1.1.8 started; log sequence number 1633712
260209 20:04:23 [Note] Plugin 'FEDERATED' is disabled.
260209 20:04:23 InnoDB: The InnoDB memory heap is disabled
260209 20:04:23 InnoDB: Mutexes and rw_locks use Windows interlocked functions
260209 20:04:23 InnoDB: Compressed tables use zlib 1.2.3
260209 20:04:23 InnoDB: Initializing buffer pool, size = 128.0M
260209 20:04:23 InnoDB: Completed initialization of buffer pool
260209 20:04:23 InnoDB: highest supported file format is Barracuda.
InnoDB: The log sequence number in ibdata files does not match
InnoDB: the log sequence number in the ib_logfiles!
260209 20:04:23  InnoDB: Database was not shut down normally!
InnoDB: Starting crash recovery.
InnoDB: Reading tablespace information from the .ibd files...
InnoDB: Restoring possible half-written data pages from the doublewrite
InnoDB: buffer...
260209 20:04:23  InnoDB: Waiting for the background threads to start
260209 20:04:24 InnoDB: 1.1.8 started; log sequence number 1696048
260211 20:19:49 [Note] Plugin 'FEDERATED' is disabled.
260211 20:19:49 InnoDB: The InnoDB memory heap is disabled
260211 20:19:49 InnoDB: Mutexes and rw_locks use Windows interlocked functions
260211 20:19:49 InnoDB: Compressed tables use zlib 1.2.3
260211 20:19:49 InnoDB: Initializing buffer pool, size = 128.0M
260211 20:19:49 InnoDB: Completed initialization of buffer pool
260211 20:19:49 InnoDB: highest supported file format is Barracuda.
InnoDB: The log sequence number in ibdata files does not match
InnoDB: the log sequence number in the ib_logfiles!
260211 20:19:49  InnoDB: Database was not shut down normally!
InnoDB: Starting crash recovery.
InnoDB: Reading tablespace information from the .ibd files...
InnoDB: Restoring possible half-written data pages from the doublewrite
InnoDB: buffer...
260211 20:19:49  InnoDB: Waiting for the background threads to start
260211 20:19:50 InnoDB: 1.1.8 started; log sequence number 1715318
260211 20:19:51 [Note] Event Scheduler: Loaded 0 events
260211 20:19:51 [Note] C:\Users\rodrigo.lcassilhas\Documents\usbwebserver\DB_usbwebserver/mysql/bin/mysqld_usbwv8.exe: ready for connections.
Version: '5.5.20'  socket: ''  port: 3307  MySQL Community Server (GPL)
260225 21:04:18 [Note] Plugin 'FEDERATED' is disabled.
260225 21:04:18 InnoDB: The InnoDB memory heap is disabled
260225 21:04:18 InnoDB: Mutexes and rw_locks use Windows interlocked functions
260225 21:04:18 InnoDB: Compressed tables use zlib 1.2.3
260225 21:04:18 InnoDB: Initializing buffer pool, size = 128.0M
260225 21:04:18 InnoDB: Completed initialization of buffer pool
260225 21:04:18 InnoDB: highest supported file format is Barracuda.
InnoDB: The log sequence number in ibdata files does not match
InnoDB: the log sequence number in the ib_logfiles!
260225 21:04:18  InnoDB: Database was not shut down normally!
InnoDB: Starting crash recovery.
InnoDB: Reading tablespace information from the .ibd files...
InnoDB: Restoring possible half-written data pages from the doublewrite
InnoDB: buffer...
260225 21:04:18  InnoDB: Waiting for the background threads to start
260225 21:04:19 InnoDB: 1.1.8 started; log sequence number 1733206
260225 21:04:19 [Note] Event Scheduler: Loaded 0 events
260225 21:04:19 [Note] C:\Users\rodrigo.lcassilhas\Documents\usbwebserver\DB_usbwebserver/mysql/bin/mysqld_usbwv8.exe: ready for connections.
Version: '5.5.20'  socket: ''  port: 3307  MySQL Community Server (GPL)
260226 19:45:23 [Note] Plugin 'FEDERATED' is disabled.
260226 19:45:23 InnoDB: The InnoDB memory heap is disabled
260226 19:45:23 InnoDB: Mutexes and rw_locks use Windows interlocked functions
260226 19:45:23 InnoDB: Compressed tables use zlib 1.2.3
260226 19:45:23 InnoDB: Initializing buffer pool, size = 128.0M
260226 19:45:23 InnoDB: Completed initialization of buffer pool
260226 19:45:23 InnoDB: highest supported file format is Barracuda.
InnoDB: The log sequence number in ibdata files does not match
InnoDB: the log sequence number in the ib_logfiles!
260226 19:45:23  InnoDB: Database was not shut down normally!
InnoDB: Starting crash recovery.
InnoDB: Reading tablespace information from the .ibd files...
InnoDB: Restoring possible half-written data pages from the doublewrite
InnoDB: buffer...
260226 19:45:23  InnoDB: Waiting for the background threads to start
260226 19:45:24 InnoDB: 1.1.8 started; log sequence number 1747309
260227 20:30:04 [Note] Plugin 'FEDERATED' is disabled.
260227 20:30:04 InnoDB: The InnoDB memory heap is disabled
260227 20:30:04 InnoDB: Mutexes and rw_locks use Windows interlocked functions
260227 20:30:04 InnoDB: Compressed tables use zlib 1.2.3
260227 20:30:04 InnoDB: Initializing buffer pool, size = 128.0M
260227 20:30:04 InnoDB: Completed initialization of buffer pool
260227 20:30:04 InnoDB: highest supported file format is Barracuda.
InnoDB: The log sequence number in ibdata files does not match
InnoDB: the log sequence number in the ib_logfiles!
260227 20:30:04  InnoDB: Database was not shut down normally!
InnoDB: Starting crash recovery.
InnoDB: Reading tablespace information from the .ibd files...
InnoDB: Restoring possible half-written data pages from the doublewrite
InnoDB: buffer...
260227 20:30:05  InnoDB: Waiting for the background threads to start
260227 20:30:06 InnoDB: 1.1.8 started; log sequence number 1756304
260302 19:32:52 [Note] Plugin 'FEDERATED' is disabled.
260302 19:32:52 InnoDB: The InnoDB memory heap is disabled
260302 19:32:52 InnoDB: Mutexes and rw_locks use Windows interlocked functions
260302 19:32:52 InnoDB: Compressed tables use zlib 1.2.3
260302 19:32:52 InnoDB: Initializing buffer pool, size = 128.0M
260302 19:32:52 InnoDB: Completed initialization of buffer pool
260302 19:32:52 InnoDB: highest supported file format is Barracuda.
InnoDB: The log sequence number in ibdata files does not match
InnoDB: the log sequence number in the ib_logfiles!
260302 19:32:52  InnoDB: Database was not shut down normally!
InnoDB: Starting crash recovery.
InnoDB: Reading tablespace information from the .ibd files...
InnoDB: Restoring possible half-written data pages from the doublewrite
InnoDB: buffer...
260302 19:32:52  InnoDB: Waiting for the background threads to start
260302 19:32:53 InnoDB: 1.1.8 started; log sequence number 1792623
260304 19:44:26 [Note] Plugin 'FEDERATED' is disabled.
260304 19:44:26 InnoDB: The InnoDB memory heap is disabled
260304 19:44:26 InnoDB: Mutexes and rw_locks use Windows interlocked functions
260304 19:44:26 InnoDB: Compressed tables use zlib 1.2.3
260304 19:44:26 InnoDB: Initializing buffer pool, size = 128.0M
260304 19:44:26 InnoDB: Completed initialization of buffer pool
260304 19:44:26 InnoDB: highest supported file format is Barracuda.
InnoDB: The log sequence number in ibdata files does not match
InnoDB: the log sequence number in the ib_logfiles!
260304 19:44:26  InnoDB: Database was not shut down normally!
InnoDB: Starting crash recovery.
InnoDB: Reading tablespace information from the .ibd files...
InnoDB: Restoring possible half-written data pages from the doublewrite
InnoDB: buffer...
260304 19:44:26  InnoDB: Waiting for the background threads to start
260304 19:44:27 InnoDB: 1.1.8 started; log sequence number 1792623
260304 19:44:27 [Note] Event Scheduler: Loaded 0 events
260304 19:44:27 [Note] C:\Users\rodrigo.lcassilhas\Documents\usbwebserver\root\_DB\dbserver/mysql/bin/mysqld_usbwv8.exe: ready for connections.
Version: '5.5.20'  socket: ''  port: 3307  MySQL Community Server (GPL)
260309 19:31:03 [Note] Plugin 'FEDERATED' is disabled.
260309 19:31:03 InnoDB: The InnoDB memory heap is disabled
260309 19:31:03 InnoDB: Mutexes and rw_locks use Windows interlocked functions
260309 19:31:03 InnoDB: Compressed tables use zlib 1.2.3
260309 19:31:03 InnoDB: Initializing buffer pool, size = 128.0M
260309 19:31:03 InnoDB: Completed initialization of buffer pool
260309 19:31:03 InnoDB: highest supported file format is Barracuda.
InnoDB: The log sequence number in ibdata files does not match
InnoDB: the log sequence number in the ib_logfiles!
260309 19:31:03  InnoDB: Database was not shut down normally!
InnoDB: Starting crash recovery.
InnoDB: Reading tablespace information from the .ibd files...
InnoDB: Restoring possible half-written data pages from the doublewrite
InnoDB: buffer...
260309 19:31:03  InnoDB: Waiting for the background threads to start
260309 19:31:04 InnoDB: 1.1.8 started; log sequence number 1814855
260309 19:31:40 [Note] Plugin 'FEDERATED' is disabled.
260309 19:31:40 InnoDB: The InnoDB memory heap is disabled
260309 19:31:40 InnoDB: Mutexes and rw_locks use Windows interlocked functions
260309 19:31:40 InnoDB: Compressed tables use zlib 1.2.3
260309 19:31:40 InnoDB: Initializing buffer pool, size = 128.0M
260309 19:31:40 InnoDB: Completed initialization of buffer pool
260309 19:31:40 InnoDB: highest supported file format is Barracuda.
InnoDB: The log sequence number in ibdata files does not match
InnoDB: the log sequence number in the ib_logfiles!
260309 19:31:40  InnoDB: Database was not shut down normally!
InnoDB: Starting crash recovery.
InnoDB: Reading tablespace information from the .ibd files...
InnoDB: Restoring possible half-written data pages from the doublewrite
InnoDB: buffer...
260309 19:31:40  InnoDB: Waiting for the background threads to start
260309 19:31:41 InnoDB: 1.1.8 started; log sequence number 1814855
260309 19:31:42 [Note] Event Scheduler: Loaded 0 events
260309 19:31:42 [Note] C:\Users\rodrigo.lcassilhas\Documents\usbwebserver\root\_DB\dbserver/mysql/bin/mysqld_usbwv8.exe: ready for connections.
Version: '5.5.20'  socket: ''  port: 3307  MySQL Community Server (GPL)
260311 19:35:23 [Note] Plugin 'FEDERATED' is disabled.
260311 19:35:23 InnoDB: The InnoDB memory heap is disabled
260311 19:35:23 InnoDB: Mutexes and rw_locks use Windows interlocked functions
260311 19:35:23 InnoDB: Compressed tables use zlib 1.2.3
260311 19:35:23 InnoDB: Initializing buffer pool, size = 128.0M
260311 19:35:23 InnoDB: Completed initialization of buffer pool
260311 19:35:23 InnoDB: highest supported file format is Barracuda.
InnoDB: The log sequence number in ibdata files does not match
InnoDB: the log sequence number in the ib_logfiles!
260311 19:35:23  InnoDB: Database was not shut down normally!
InnoDB: Starting crash recovery.
InnoDB: Reading tablespace information from the .ibd files...
InnoDB: Restoring possible half-written data pages from the doublewrite
InnoDB: buffer...
260311 19:35:23  InnoDB: Waiting for the background threads to start
260311 19:35:24 InnoDB: 1.1.8 started; log sequence number 1814865
260311 19:35:25 [Note] Event Scheduler: Loaded 0 events
260311 19:35:25 [Note] C:\Users\rodrigo.lcassilhas\Documents\usbwebserver\root\_DB\dbserver/mysql/bin/mysqld_usbwv8.exe: ready for connections.
Version: '5.5.20'  socket: ''  port: 3307  MySQL Community Server (GPL)
260311 19:46:48 [Note] Plugin 'FEDERATED' is disabled.
260311 19:46:48 InnoDB: The InnoDB memory heap is disabled
260311 19:46:48 InnoDB: Mutexes and rw_locks use Windows interlocked functions
260311 19:46:48 InnoDB: Compressed tables use zlib 1.2.3
260311 19:46:48 InnoDB: Initializing buffer pool, size = 128.0M
260311 19:46:48 InnoDB: Completed initialization of buffer pool
260311 19:46:48 InnoDB: highest supported file format is Barracuda.
InnoDB: The log sequence number in ibdata files does not match
InnoDB: the log sequence number in the ib_logfiles!
260311 19:46:48  InnoDB: Database was not shut down normally!
InnoDB: Starting crash recovery.
InnoDB: Reading tablespace information from the .ibd files...
InnoDB: Restoring possible half-written data pages from the doublewrite
InnoDB: buffer...
260311 19:46:48  InnoDB: Waiting for the background threads to start
260311 19:46:49 InnoDB: 1.1.8 started; log sequence number 1814865
260311 19:46:49 [Note] Event Scheduler: Loaded 0 events
260311 19:46:49 [Note] C:\Users\rodrigo.lcassilhas\Documents\usbwebserver\root\_DB\dbserver/mysql/bin/mysqld_usbwv8.exe: ready for connections.
Version: '5.5.20'  socket: ''  port: 3307  MySQL Community Server (GPL)
260323 19:19:32 [Note] Plugin 'FEDERATED' is disabled.
260323 19:19:32 InnoDB: The InnoDB memory heap is disabled
260323 19:19:32 InnoDB: Mutexes and rw_locks use Windows interlocked functions
260323 19:19:32 InnoDB: Compressed tables use zlib 1.2.3
260323 19:19:33 InnoDB: Initializing buffer pool, size = 128.0M
260323 19:19:33 InnoDB: Completed initialization of buffer pool
260323 19:19:33 InnoDB: highest supported file format is Barracuda.
InnoDB: The log sequence number in ibdata files does not match
InnoDB: the log sequence number in the ib_logfiles!
260323 19:19:33  InnoDB: Database was not shut down normally!
InnoDB: Starting crash recovery.
InnoDB: Reading tablespace information from the .ibd files...
InnoDB: Restoring possible half-written data pages from the doublewrite
InnoDB: buffer...
260323 19:19:33  InnoDB: Waiting for the background threads to start
260323 19:19:34 InnoDB: 1.1.8 started; log sequence number 1821627
260323 19:19:34 [Note] Event Scheduler: Loaded 0 events
260323 19:19:34 [Note] C:\Users\rodrigo.lcassilhas\Documents\usbwebserver\root\_DB\dbserver/mysql/bin/mysqld_usbwv8.exe: ready for connections.
Version: '5.5.20'  socket: ''  port: 3307  MySQL Community Server (GPL)
260325 21:28:48 [Note] Plugin 'FEDERATED' is disabled.
260325 21:28:48 InnoDB: The InnoDB memory heap is disabled
260325 21:28:48 InnoDB: Mutexes and rw_locks use Windows interlocked functions
260325 21:28:48 InnoDB: Compressed tables use zlib 1.2.3
260325 21:28:48 InnoDB: Initializing buffer pool, size = 128.0M
260325 21:28:48 InnoDB: Completed initialization of buffer pool
260325 21:28:48 InnoDB: highest supported file format is Barracuda.
InnoDB: The log sequence number in ibdata files does not match
InnoDB: the log sequence number in the ib_logfiles!
260325 21:28:48  InnoDB: Database was not shut down normally!
InnoDB: Starting crash recovery.
InnoDB: Reading tablespace information from the .ibd files...
InnoDB: Restoring possible half-written data pages from the doublewrite
InnoDB: buffer...
260325 21:28:48  InnoDB: Waiting for the background threads to start
260325 21:28:49 InnoDB: 1.1.8 started; log sequence number 1821637
260406 19:21:16 [Note] Plugin 'FEDERATED' is disabled.
260406 19:21:16 InnoDB: The InnoDB memory heap is disabled
260406 19:21:16 InnoDB: Mutexes and rw_locks use Windows interlocked functions
260406 19:21:16 InnoDB: Compressed tables use zlib 1.2.3
260406 19:21:16 InnoDB: Initializing buffer pool, size = 128.0M
260406 19:21:16 InnoDB: Completed initialization of buffer pool
260406 19:21:17 InnoDB: highest supported file format is Barracuda.
InnoDB: The log sequence number in ibdata files does not match
InnoDB: the log sequence number in the ib_logfiles!
260406 19:21:17  InnoDB: Database was not shut down normally!
InnoDB: Starting crash recovery.
InnoDB: Reading tablespace information from the .ibd files...
InnoDB: Restoring possible half-written data pages from the doublewrite
InnoDB: buffer...
260406 19:21:17  InnoDB: Waiting for the background threads to start
260406 19:21:18 InnoDB: 1.1.8 started; log sequence number 1839070
260406 19:21:18 [Note] Event Scheduler: Loaded 0 events
260406 19:21:18 [Note] C:\Users\rodrigo.lcassilhas\Documents\usbwebserver\root\_DB\dbserver/mysql/bin/mysqld_usbwv8.exe: ready for connections.
Version: '5.5.20'  socket: ''  port: 3307  MySQL Community Server (GPL)
260408 19:31:39 [Note] Plugin 'FEDERATED' is disabled.
260408 19:31:39 InnoDB: The InnoDB memory heap is disabled
260408 19:31:39 InnoDB: Mutexes and rw_locks use Windows interlocked functions
260408 19:31:39 InnoDB: Compressed tables use zlib 1.2.3
260408 19:31:39 InnoDB: Initializing buffer pool, size = 128.0M
260408 19:31:39 InnoDB: Completed initialization of buffer pool
260408 19:31:39 InnoDB: highest supported file format is Barracuda.
InnoDB: The log sequence number in ibdata files does not match
InnoDB: the log sequence number in the ib_logfiles!
260408 19:31:39  InnoDB: Database was not shut down normally!
InnoDB: Starting crash recovery.
InnoDB: Reading tablespace information from the .ibd files...
InnoDB: Restoring possible half-written data pages from the doublewrite
InnoDB: buffer...
260408 19:31:39  InnoDB: Waiting for the background threads to start
260408 19:31:40 InnoDB: 1.1.8 started; log sequence number 1839634
260408 19:31:41 [Note] Event Scheduler: Loaded 0 events
260408 19:31:41 [Note] C:\Users\rodrigo.lcassilhas\Documents\usbwebserver\root\_DB\dbserver/mysql/bin/mysqld_usbwv8.exe: ready for connections.
Version: '5.5.20'  socket: ''  port: 3307  MySQL Community Server (GPL)
260413 19:02:21 [Note] Plugin 'FEDERATED' is disabled.
260413 19:02:21 InnoDB: The InnoDB memory heap is disabled
260413 19:02:21 InnoDB: Mutexes and rw_locks use Windows interlocked functions
260413 19:02:21 InnoDB: Compressed tables use zlib 1.2.3
260413 19:02:21 InnoDB: Initializing buffer pool, size = 128.0M
260413 19:02:21 InnoDB: Completed initialization of buffer pool
260413 19:02:21 InnoDB: highest supported file format is Barracuda.
InnoDB: The log sequence number in ibdata files does not match
InnoDB: the log sequence number in the ib_logfiles!
260413 19:02:21  InnoDB: Database was not shut down normally!
InnoDB: Starting crash recovery.
InnoDB: Reading tablespace information from the .ibd files...
InnoDB: Restoring possible half-written data pages from the doublewrite
InnoDB: buffer...
260413 19:02:21  InnoDB: Waiting for the background threads to start
260413 19:02:22 InnoDB: 1.1.8 started; log sequence number 1840244
260413 19:02:23 [Note] Event Scheduler: Loaded 0 events
260413 19:02:23 [Note] C:\Users\rodrigo.lcassilhas\Documents\usbwebserver\root\_DB\dbserver/mysql/bin/mysqld_usbwv8.exe: ready for connections.
Version: '5.5.20'  socket: ''  port: 3307  MySQL Community Server (GPL)
