260315 21:46:16 [Note] Plugin 'FEDERATED' is disabled.
260315 21:46:16 InnoDB: The InnoDB memory heap is disabled
260315 21:46:16 InnoDB: Mutexes and rw_locks use Windows interlocked functions
260315 21:46:16 InnoDB: Compressed tables use zlib 1.2.3
260315 21:46:16 InnoDB: Initializing buffer pool, size = 128.0M
260315 21:46:16 InnoDB: Completed initialization of buffer pool
260315 21:46:16 InnoDB: highest supported file format is Barracuda.
InnoDB: The log sequence number in ibdata files does not match
InnoDB: the log sequence number in the ib_logfiles!
260315 21:46:16  InnoDB: Database was not shut down normally!
InnoDB: Starting crash recovery.
InnoDB: Reading tablespace information from the .ibd files...
InnoDB: Restoring possible half-written data pages from the doublewrite
InnoDB: buffer...
260315 21:46:17  InnoDB: Waiting for the background threads to start
260315 21:46:18 InnoDB: 1.1.8 started; log sequence number 1814875
260315 21:48:58 [Note] Plugin 'FEDERATED' is disabled.
260315 21:48:58 InnoDB: The InnoDB memory heap is disabled
260315 21:48:58 InnoDB: Mutexes and rw_locks use Windows interlocked functions
260315 21:48:58 InnoDB: Compressed tables use zlib 1.2.3
260315 21:48:58 InnoDB: Initializing buffer pool, size = 128.0M
260315 21:48:58 InnoDB: Completed initialization of buffer pool
260315 21:48:58 InnoDB: highest supported file format is Barracuda.
InnoDB: The log sequence number in ibdata files does not match
InnoDB: the log sequence number in the ib_logfiles!
260315 21:48:58  InnoDB: Database was not shut down normally!
InnoDB: Starting crash recovery.
InnoDB: Reading tablespace information from the .ibd files...
InnoDB: Restoring possible half-written data pages from the doublewrite
InnoDB: buffer...
260315 21:48:58  InnoDB: Waiting for the background threads to start
260315 21:48:59 InnoDB: 1.1.8 started; log sequence number 1814875
